Apr-12 16:58:50.835 [main] DEBUG nextflow.cli.Launcher - $> nextflow run lower_file_size_docker_images_save.nf -resume --size 200 --tag_name AAA --outdir results --docker_list custom_docker_list
Apr-12 16:58:51.024 [main] INFO  nextflow.cli.CmdRun - N E X T F L O W  ~  version 23.04.0
Apr-12 16:58:51.043 [main] DEBUG nextflow.plugin.PluginsFacade - Setting up plugin manager > mode=prod; embedded=false; plugins-dir=/home/adminrig/.nextflow/plugins; core-plugins: nf-amazon@1.16.1,nf-azure@1.0.0,nf-codecommit@0.1.3,nf-console@1.0.5,nf-ga4gh@1.0.4,nf-google@1.7.2,nf-tower@1.5.11,nf-wave@0.8.1
Apr-12 16:58:51.055 [main] INFO  org.pf4j.DefaultPluginStatusProvider - Enabled plugins: []
Apr-12 16:58:51.056 [main] INFO  org.pf4j.DefaultPluginStatusProvider - Disabled plugins: []
Apr-12 16:58:51.059 [main] INFO  org.pf4j.DefaultPluginManager - PF4J version 3.4.1 in 'deployment' mode
Apr-12 16:58:51.069 [main] INFO  org.pf4j.AbstractPluginManager - No plugins
Apr-12 16:58:51.086 [main] DEBUG nextflow.config.ConfigBuilder - Found config home: /home/adminrig/.nextflow/config
Apr-12 16:58:51.088 [main] DEBUG nextflow.config.ConfigBuilder - Parsing config file: /home/adminrig/.nextflow/config
Apr-12 16:58:51.113 [main] DEBUG nextflow.config.ConfigBuilder - Applying config profile: `standard`
Apr-12 16:58:51.751 [main] DEBUG nextflow.cli.CmdRun - Applied DSL=2 by global default
Apr-12 16:58:51.767 [main] INFO  nextflow.cli.CmdRun - Launching `lower_file_size_docker_images_save.nf` [infallible_visvesvaraya] DSL2 - revision: bab10ec414
Apr-12 16:58:51.768 [main] DEBUG nextflow.plugin.PluginsFacade - Plugins default=[]
Apr-12 16:58:51.768 [main] DEBUG nextflow.plugin.PluginsFacade - Plugins resolved requirement=[]
Apr-12 16:58:51.777 [main] DEBUG nextflow.secret.LocalSecretsProvider - Secrets store: /home/adminrig/.nextflow/secrets/store.json
Apr-12 16:58:51.781 [main] DEBUG nextflow.secret.SecretsLoader - Discovered secrets providers: [nextflow.secret.LocalSecretsProvider@7b948f3e] - activable => nextflow.secret.LocalSecretsProvider@7b948f3e
Apr-12 16:58:51.838 [main] DEBUG nextflow.Session - Session UUID: 246aaa7a-b1e0-494d-bb91-af5e59a654e6
Apr-12 16:58:51.839 [main] DEBUG nextflow.Session - Run name: infallible_visvesvaraya
Apr-12 16:58:51.839 [main] DEBUG nextflow.Session - Executor pool size: 64
Apr-12 16:58:51.850 [main] DEBUG nextflow.util.ThreadPoolBuilder - Creating thread pool 'FileTransfer' minSize=10; maxSize=192; workQueue=LinkedBlockingQueue[10000]; allowCoreThreadTimeout=false
Apr-12 16:58:51.875 [main] DEBUG nextflow.cli.CmdRun - 
  Version: 23.04.0 build 5857
  Created: 01-04-2023 21:09 UTC (02-04-2023 06:09 KDT)
  System: Linux 3.10.0-693.5.2.el7.x86_64
  Runtime: Groovy 3.0.16 on Java HotSpot(TM) 64-Bit Server VM 18.0.2+9-61
  Encoding: UTF-8 (UTF-8)
  Process: 154223@dlcfe-dnalink.com [211.174.205.41]
  CPUs: 64 - Mem: 503.3 GB (40.9 GB) - Swap: 4 GB (195.8 MB)
Apr-12 16:58:51.931 [main] DEBUG nextflow.Session - Work-dir: /home/adminrig/workspace.min/nextflow/training/nf-training/work [nfs]
Apr-12 16:58:51.931 [main] DEBUG nextflow.Session - Script base path does not exist or is not a directory: /home/adminrig/workspace.min/nextflow/training/nf-training/bin
Apr-12 16:58:51.944 [main] DEBUG nextflow.executor.ExecutorFactory - Extension executors providers=[]
Apr-12 16:58:51.962 [main] DEBUG nextflow.Session - Observer factory: DefaultObserverFactory
Apr-12 16:58:51.983 [main] DEBUG nextflow.cache.CacheFactory - Using Nextflow cache factory: nextflow.cache.DefaultCacheFactory
Apr-12 16:58:51.993 [main] DEBUG nextflow.util.CustomThreadPool - Creating default thread pool > poolSize: 65; maxThreads: 1000
Apr-12 16:58:52.078 [main] DEBUG nextflow.Session - Session start
Apr-12 16:58:52.459 [main] DEBUG nextflow.script.ScriptRunner - > Launching execution
Apr-12 16:58:52.476 [main] INFO  nextflow.Nextflow - 
Minyoung code
=======================================

desc          : docker image save

file size     : 200


Apr-12 16:58:52.571 [main] DEBUG nextflow.executor.ExecutorFactory - << taskConfig executor: null
Apr-12 16:58:52.571 [main] DEBUG nextflow.executor.ExecutorFactory - >> processorType: 'local'
Apr-12 16:58:52.578 [main] DEBUG nextflow.executor.Executor - [warm up] executor > local
Apr-12 16:58:52.586 [main] DEBUG n.processor.LocalPollingMonitor - Creating local task monitor for executor 'local' > cpus=64; memory=503.3 GB; capacity=64; pollInterval=100ms; dumpInterval=5m
Apr-12 16:58:52.737 [main] DEBUG nextflow.executor.ExecutorFactory - << taskConfig executor: null
Apr-12 16:58:52.737 [main] DEBUG nextflow.executor.ExecutorFactory - >> processorType: 'local'
Apr-12 16:58:52.741 [main] DEBUG nextflow.Session - Workflow process names [dsl2]: DOCKER_LIST, DOCKER_SAVE
Apr-12 16:58:52.741 [main] DEBUG nextflow.Session - Igniting dataflow network (2)
Apr-12 16:58:52.742 [main] DEBUG nextflow.processor.TaskProcessor - Starting process > DOCKER_LIST
Apr-12 16:58:52.742 [main] DEBUG nextflow.processor.TaskProcessor - Starting process > DOCKER_SAVE
Apr-12 16:58:52.743 [main] DEBUG nextflow.script.ScriptRunner - > Awaiting termination 
Apr-12 16:58:52.743 [main] DEBUG nextflow.Session - Session await
Apr-12 16:58:52.903 [Task submitter] DEBUG n.executor.local.LocalTaskHandler - Launch cmd line: /bin/bash -ue .command.run
Apr-12 16:58:52.906 [Task submitter] INFO  nextflow.Session - [50/2a9b38] Submitted process > DOCKER_LIST (T: AAA, S: 200)
Apr-12 16:58:53.550 [Task monitor] DEBUG n.processor.TaskPollingMonitor - Task completed > TaskHandler[id: 1; name: DOCKER_LIST (T: AAA, S: 200); status: COMPLETED; exit: 0; error: -; workDir: /home/adminrig/workspace.min/nextflow/training/nf-training/work/50/2a9b3809cce6b4c5da430228246dcd]
Apr-12 16:58:53.578 [Task monitor] DEBUG nextflow.util.ThreadPoolBuilder - Creating thread pool 'PublishDir' minSize=10; maxSize=192; workQueue=LinkedBlockingQueue[10000]; allowCoreThreadTimeout=false
Apr-12 16:58:53.608 [Task submitter] DEBUG n.executor.local.LocalTaskHandler - Launch cmd line: /bin/bash -ue .command.run
Apr-12 16:58:53.608 [Task submitter] INFO  nextflow.Session - [d8/cd2a50] Submitted process > DOCKER_SAVE (28)
Apr-12 16:58:53.680 [Actor Thread 38] INFO  nextflow.processor.TaskProcessor - [f1/ad147e] Cached process > DOCKER_SAVE (11)
Apr-12 16:58:53.680 [Actor Thread 46] INFO  nextflow.processor.TaskProcessor - [a8/d67830] Cached process > DOCKER_SAVE (15)
Apr-12 16:58:53.680 [Actor Thread 53] INFO  nextflow.processor.TaskProcessor - [8d/6743e7] Cached process > DOCKER_SAVE (18)
Apr-12 16:58:53.688 [Task submitter] DEBUG n.executor.local.LocalTaskHandler - Launch cmd line: /bin/bash -ue .command.run
Apr-12 16:58:53.688 [Task submitter] INFO  nextflow.Session - [b5/fd6001] Submitted process > DOCKER_SAVE (8)
Apr-12 16:58:53.700 [Task submitter] DEBUG n.executor.local.LocalTaskHandler - Launch cmd line: /bin/bash -ue .command.run
Apr-12 16:58:53.700 [Task submitter] INFO  nextflow.Session - [29/8c2807] Submitted process > DOCKER_SAVE (29)
Apr-12 16:58:53.707 [Task submitter] DEBUG n.executor.local.LocalTaskHandler - Launch cmd line: /bin/bash -ue .command.run
Apr-12 16:58:53.708 [Task submitter] INFO  nextflow.Session - [bd/f21a9e] Submitted process > DOCKER_SAVE (5)
Apr-12 16:58:53.720 [Task submitter] DEBUG n.executor.local.LocalTaskHandler - Launch cmd line: /bin/bash -ue .command.run
Apr-12 16:58:53.721 [Task submitter] INFO  nextflow.Session - [3b/493468] Submitted process > DOCKER_SAVE (7)
Apr-12 16:58:53.728 [Task submitter] DEBUG n.executor.local.LocalTaskHandler - Launch cmd line: /bin/bash -ue .command.run
Apr-12 16:58:53.728 [Task submitter] INFO  nextflow.Session - [8d/e9c636] Submitted process > DOCKER_SAVE (23)
Apr-12 16:58:53.742 [Task submitter] DEBUG n.executor.local.LocalTaskHandler - Launch cmd line: /bin/bash -ue .command.run
Apr-12 16:58:53.742 [Task submitter] INFO  nextflow.Session - [78/2238b2] Submitted process > DOCKER_SAVE (22)
Apr-12 16:58:53.949 [Task submitter] DEBUG n.executor.local.LocalTaskHandler - Launch cmd line: /bin/bash -ue .command.run
Apr-12 16:58:53.949 [Task submitter] INFO  nextflow.Session - [66/58e072] Submitted process > DOCKER_SAVE (13)
Apr-12 16:58:53.956 [Task submitter] DEBUG n.executor.local.LocalTaskHandler - Launch cmd line: /bin/bash -ue .command.run
Apr-12 16:58:53.956 [Task submitter] INFO  nextflow.Session - [33/55cae3] Submitted process > DOCKER_SAVE (10)
Apr-12 16:58:53.963 [Task submitter] DEBUG n.executor.local.LocalTaskHandler - Launch cmd line: /bin/bash -ue .command.run
Apr-12 16:58:53.963 [Task submitter] INFO  nextflow.Session - [75/bf92ac] Submitted process > DOCKER_SAVE (26)
Apr-12 16:58:53.972 [Task submitter] DEBUG n.executor.local.LocalTaskHandler - Launch cmd line: /bin/bash -ue .command.run
Apr-12 16:58:53.972 [Task submitter] INFO  nextflow.Session - [54/1ebb53] Submitted process > DOCKER_SAVE (14)
Apr-12 16:58:53.979 [Task submitter] DEBUG n.executor.local.LocalTaskHandler - Launch cmd line: /bin/bash -ue .command.run
Apr-12 16:58:53.979 [Task submitter] INFO  nextflow.Session - [78/9d4d0e] Submitted process > DOCKER_SAVE (20)
Apr-12 16:58:53.985 [Task submitter] DEBUG n.executor.local.LocalTaskHandler - Launch cmd line: /bin/bash -ue .command.run
Apr-12 16:58:53.985 [Task submitter] INFO  nextflow.Session - [43/f9d19b] Submitted process > DOCKER_SAVE (1)
Apr-12 16:58:53.991 [Task submitter] DEBUG n.executor.local.LocalTaskHandler - Launch cmd line: /bin/bash -ue .command.run
Apr-12 16:58:53.991 [Task submitter] INFO  nextflow.Session - [09/a34c85] Submitted process > DOCKER_SAVE (6)
Apr-12 16:58:53.997 [Task submitter] DEBUG n.executor.local.LocalTaskHandler - Launch cmd line: /bin/bash -ue .command.run
Apr-12 16:58:53.997 [Task submitter] INFO  nextflow.Session - [83/cefc97] Submitted process > DOCKER_SAVE (17)
Apr-12 16:58:54.003 [Task submitter] DEBUG n.executor.local.LocalTaskHandler - Launch cmd line: /bin/bash -ue .command.run
Apr-12 16:58:54.004 [Task submitter] INFO  nextflow.Session - [8f/ca304a] Submitted process > DOCKER_SAVE (16)
Apr-12 16:58:54.009 [Task submitter] DEBUG n.executor.local.LocalTaskHandler - Launch cmd line: /bin/bash -ue .command.run
Apr-12 16:58:54.009 [Task submitter] INFO  nextflow.Session - [a3/4db776] Submitted process > DOCKER_SAVE (21)
Apr-12 16:58:54.014 [Task submitter] DEBUG n.executor.local.LocalTaskHandler - Launch cmd line: /bin/bash -ue .command.run
Apr-12 16:58:54.015 [Task submitter] INFO  nextflow.Session - [e8/f111e0] Submitted process > DOCKER_SAVE (19)
Apr-12 16:58:54.020 [Task submitter] DEBUG n.executor.local.LocalTaskHandler - Launch cmd line: /bin/bash -ue .command.run
Apr-12 16:58:54.021 [Task submitter] INFO  nextflow.Session - [77/8c653c] Submitted process > DOCKER_SAVE (9)
Apr-12 16:58:54.026 [Task submitter] DEBUG n.executor.local.LocalTaskHandler - Launch cmd line: /bin/bash -ue .command.run
Apr-12 16:58:54.027 [Task submitter] INFO  nextflow.Session - [22/b51e48] Submitted process > DOCKER_SAVE (12)
Apr-12 16:58:54.032 [Task submitter] DEBUG n.executor.local.LocalTaskHandler - Launch cmd line: /bin/bash -ue .command.run
Apr-12 16:58:54.033 [Task submitter] INFO  nextflow.Session - [fd/5f7d48] Submitted process > DOCKER_SAVE (25)
Apr-12 16:58:54.038 [Task submitter] DEBUG n.executor.local.LocalTaskHandler - Launch cmd line: /bin/bash -ue .command.run
Apr-12 16:58:54.038 [Task submitter] INFO  nextflow.Session - [2c/8fb111] Submitted process > DOCKER_SAVE (27)
Apr-12 16:58:54.044 [Task submitter] DEBUG n.executor.local.LocalTaskHandler - Launch cmd line: /bin/bash -ue .command.run
Apr-12 16:58:54.044 [Task submitter] INFO  nextflow.Session - [9e/1f6dc8] Submitted process > DOCKER_SAVE (3)
Apr-12 16:58:54.049 [Task submitter] DEBUG n.executor.local.LocalTaskHandler - Launch cmd line: /bin/bash -ue .command.run
Apr-12 16:58:54.049 [Task submitter] INFO  nextflow.Session - [f0/8cde84] Submitted process > DOCKER_SAVE (4)
Apr-12 16:58:54.055 [Task submitter] DEBUG n.executor.local.LocalTaskHandler - Launch cmd line: /bin/bash -ue .command.run
Apr-12 16:58:54.055 [Task submitter] INFO  nextflow.Session - [58/5bec4a] Submitted process > DOCKER_SAVE (24)
Apr-12 16:58:54.061 [Task submitter] DEBUG n.executor.local.LocalTaskHandler - Launch cmd line: /bin/bash -ue .command.run
Apr-12 16:58:54.062 [Task submitter] INFO  nextflow.Session - [ba/7a67b7] Submitted process > DOCKER_SAVE (2)
Apr-12 16:59:00.818 [Task monitor] DEBUG n.processor.TaskPollingMonitor - Task completed > TaskHandler[id: 8; name: DOCKER_SAVE (7); status: COMPLETED; exit: 0; error: -; workDir: /home/adminrig/workspace.min/nextflow/training/nf-training/work/3b/493468bd0d3485cd6a3c9f08706e15]
Apr-12 16:59:00.829 [Task monitor] DEBUG n.processor.TaskPollingMonitor - Task completed > TaskHandler[id: 23; name: DOCKER_SAVE (22); status: COMPLETED; exit: 0; error: -; workDir: /home/adminrig/workspace.min/nextflow/training/nf-training/work/78/2238b282803b3f1f54324923749824]
Apr-12 16:59:00.831 [Task monitor] DEBUG n.processor.TaskPollingMonitor - Task completed > TaskHandler[id: 7; name: DOCKER_SAVE (6); status: COMPLETED; exit: 0; error: -; workDir: /home/adminrig/workspace.min/nextflow/training/nf-training/work/09/a34c85ffdf99bd1578ff7030b8b64d]
Apr-12 16:59:00.833 [Task monitor] DEBUG n.processor.TaskPollingMonitor - Task completed > TaskHandler[id: 18; name: DOCKER_SAVE (17); status: COMPLETED; exit: 0; error: -; workDir: /home/adminrig/workspace.min/nextflow/training/nf-training/work/83/cefc973056f39df26a006041411ec2]
Apr-12 16:59:00.835 [Task monitor] DEBUG n.processor.TaskPollingMonitor - Task completed > TaskHandler[id: 20; name: DOCKER_SAVE (19); status: COMPLETED; exit: 0; error: -; workDir: /home/adminrig/workspace.min/nextflow/training/nf-training/work/e8/f111e0ea66e4065df658f97e66b426]
Apr-12 16:59:00.838 [Task monitor] DEBUG n.processor.TaskPollingMonitor - Task completed > TaskHandler[id: 13; name: DOCKER_SAVE (12); status: COMPLETED; exit: 0; error: -; workDir: /home/adminrig/workspace.min/nextflow/training/nf-training/work/22/b51e48a82f61c641d3db8935abe29f]
Apr-12 16:59:00.845 [Task monitor] DEBUG n.processor.TaskPollingMonitor - Task completed > TaskHandler[id: 9; name: DOCKER_SAVE (8); status: COMPLETED; exit: 0; error: -; workDir: /home/adminrig/workspace.min/nextflow/training/nf-training/work/b5/fd600155196d8de322a2869999534a]
Apr-12 16:59:06.411 [Task monitor] DEBUG n.processor.TaskPollingMonitor - Task completed > TaskHandler[id: 27; name: DOCKER_SAVE (26); status: COMPLETED; exit: 0; error: -; workDir: /home/adminrig/workspace.min/nextflow/training/nf-training/work/75/bf92aca8a8b75d96e883a34eccc9f4]
Apr-12 16:59:06.414 [Task monitor] DEBUG n.processor.TaskPollingMonitor - Task completed > TaskHandler[id: 10; name: DOCKER_SAVE (9); status: COMPLETED; exit: 0; error: -; workDir: /home/adminrig/workspace.min/nextflow/training/nf-training/work/77/8c653c9b79a6a9370b212d05f7bc6a]
Apr-12 16:59:06.416 [Task monitor] DEBUG n.processor.TaskPollingMonitor - Task completed > TaskHandler[id: 28; name: DOCKER_SAVE (27); status: COMPLETED; exit: 0; error: -; workDir: /home/adminrig/workspace.min/nextflow/training/nf-training/work/2c/8fb11118d1e5f9db207acf73186c38]
Apr-12 16:59:06.435 [Task monitor] DEBUG n.processor.TaskPollingMonitor - Task completed > TaskHandler[id: 30; name: DOCKER_SAVE (29); status: COMPLETED; exit: 0; error: -; workDir: /home/adminrig/workspace.min/nextflow/training/nf-training/work/29/8c2807490aa8ddf68bfd1b52c978d4]
Apr-12 16:59:06.447 [Task monitor] DEBUG n.processor.TaskPollingMonitor - Task completed > TaskHandler[id: 26; name: DOCKER_SAVE (25); status: COMPLETED; exit: 0; error: -; workDir: /home/adminrig/workspace.min/nextflow/training/nf-training/work/fd/5f7d4889c79cdd0bf860a51421f6c9]
Apr-12 16:59:06.451 [Task monitor] DEBUG n.processor.TaskPollingMonitor - Task completed > TaskHandler[id: 4; name: DOCKER_SAVE (3); status: COMPLETED; exit: 0; error: -; workDir: /home/adminrig/workspace.min/nextflow/training/nf-training/work/9e/1f6dc847c1320e7047a5fcad638b83]
Apr-12 16:59:06.462 [Task monitor] DEBUG n.processor.TaskPollingMonitor - Task completed > TaskHandler[id: 3; name: DOCKER_SAVE (2); status: COMPLETED; exit: 0; error: -; workDir: /home/adminrig/workspace.min/nextflow/training/nf-training/work/ba/7a67b7ee828211bd501b9d406aab82]
Apr-12 16:59:06.487 [Task monitor] DEBUG n.processor.TaskPollingMonitor - Task completed > TaskHandler[id: 29; name: DOCKER_SAVE (28); status: COMPLETED; exit: 0; error: -; workDir: /home/adminrig/workspace.min/nextflow/training/nf-training/work/d8/cd2a506ae4e8d83f1ee4d2e2b06684]
Apr-12 16:59:06.491 [Task monitor] DEBUG n.processor.TaskPollingMonitor - Task completed > TaskHandler[id: 6; name: DOCKER_SAVE (5); status: COMPLETED; exit: 0; error: -; workDir: /home/adminrig/workspace.min/nextflow/training/nf-training/work/bd/f21a9e8c98db00ffd82db46564520c]
Apr-12 16:59:06.499 [Task monitor] DEBUG n.processor.TaskPollingMonitor - Task completed > TaskHandler[id: 24; name: DOCKER_SAVE (23); status: COMPLETED; exit: 0; error: -; workDir: /home/adminrig/workspace.min/nextflow/training/nf-training/work/8d/e9c63642223ba197180684659c1ff0]
Apr-12 16:59:06.503 [Task monitor] DEBUG n.processor.TaskPollingMonitor - Task completed > TaskHandler[id: 14; name: DOCKER_SAVE (13); status: COMPLETED; exit: 0; error: -; workDir: /home/adminrig/workspace.min/nextflow/training/nf-training/work/66/58e0729e29acc43a5dc984e95f14a1]
Apr-12 16:59:06.515 [Task monitor] DEBUG n.processor.TaskPollingMonitor - Task completed > TaskHandler[id: 11; name: DOCKER_SAVE (10); status: COMPLETED; exit: 0; error: -; workDir: /home/adminrig/workspace.min/nextflow/training/nf-training/work/33/55cae344246a59a5e489062ba5b843]
Apr-12 16:59:06.519 [Task monitor] DEBUG n.processor.TaskPollingMonitor - Task completed > TaskHandler[id: 15; name: DOCKER_SAVE (14); status: COMPLETED; exit: 0; error: -; workDir: /home/adminrig/workspace.min/nextflow/training/nf-training/work/54/1ebb53259e69dbf456e7647057a7c6]
Apr-12 16:59:06.520 [Task monitor] DEBUG n.processor.TaskPollingMonitor - Task completed > TaskHandler[id: 21; name: DOCKER_SAVE (20); status: COMPLETED; exit: 0; error: -; workDir: /home/adminrig/workspace.min/nextflow/training/nf-training/work/78/9d4d0ef0050f068bcf492a3e725871]
Apr-12 16:59:06.566 [Task monitor] DEBUG n.processor.TaskPollingMonitor - Task completed > TaskHandler[id: 2; name: DOCKER_SAVE (1); status: COMPLETED; exit: 0; error: -; workDir: /home/adminrig/workspace.min/nextflow/training/nf-training/work/43/f9d19bce2a4894f93493c1e0ff8ebb]
Apr-12 16:59:06.588 [Task monitor] DEBUG n.processor.TaskPollingMonitor - Task completed > TaskHandler[id: 17; name: DOCKER_SAVE (16); status: COMPLETED; exit: 0; error: -; workDir: /home/adminrig/workspace.min/nextflow/training/nf-training/work/8f/ca304a193730f891496e20ccb85cb1]
Apr-12 16:59:06.622 [Task monitor] DEBUG n.processor.TaskPollingMonitor - Task completed > TaskHandler[id: 22; name: DOCKER_SAVE (21); status: COMPLETED; exit: 0; error: -; workDir: /home/adminrig/workspace.min/nextflow/training/nf-training/work/a3/4db77690150153ba0b1551eaa2f7c9]
Apr-12 16:59:06.659 [Task monitor] DEBUG n.processor.TaskPollingMonitor - Task completed > TaskHandler[id: 5; name: DOCKER_SAVE (4); status: COMPLETED; exit: 0; error: -; workDir: /home/adminrig/workspace.min/nextflow/training/nf-training/work/f0/8cde840206f95ec4fb0f09a339dda0]
Apr-12 16:59:06.662 [Task monitor] DEBUG n.processor.TaskPollingMonitor - Task completed > TaskHandler[id: 25; name: DOCKER_SAVE (24); status: COMPLETED; exit: 0; error: -; workDir: /home/adminrig/workspace.min/nextflow/training/nf-training/work/58/5bec4a45c2a9187c0edef37daee893]
Apr-12 16:59:06.667 [main] DEBUG nextflow.Session - Session await > all processes finished
Apr-12 16:59:06.668 [main] DEBUG nextflow.Session - Session await > all barriers passed
Apr-12 16:59:11.672 [main] INFO  nextflow.util.ThreadPoolHelper - Waiting for file transfers to complete (1 files)
Apr-12 16:59:11.794 [main] DEBUG nextflow.util.ThreadPoolManager - Thread pool 'PublishDir' shutdown completed (hard=false)
Apr-12 16:59:11.801 [main] DEBUG nextflow.trace.WorkflowStatsObserver - Workflow completed > WorkflowStats[succeededCount=27; failedCount=0; ignoredCount=0; cachedCount=3; pendingCount=0; submittedCount=0; runningCount=0; retriesCount=0; abortedCount=0; succeedDuration=4m 46s; failedDuration=0ms; cachedDuration=14.1s;loadCpus=0; loadMemory=0; peakRunning=26; peakCpus=26; peakMemory=0; ]
Apr-12 16:59:11.968 [main] DEBUG nextflow.cache.CacheDB - Closing CacheDB done
Apr-12 16:59:12.005 [main] DEBUG nextflow.util.ThreadPoolManager - Thread pool 'FileTransfer' shutdown completed (hard=false)
Apr-12 16:59:12.005 [main] DEBUG nextflow.script.ScriptRunner - > Execution complete -- Goodbye
